The system is: Linux - 5.14.21-150500.55.49_13.0.57-cray_shasta_c - x86_64
Compiling the C compiler identification source file "CMakeCCompilerId.c" succeeded.
Compiler: /opt/cray/pe/gcc/12.2.0/snos/bin/gcc 
Build flags: 
Id flags:  

The output was:
0


Compilation of the C compiler identification source "CMakeCCompilerId.c" produced "a.out"

The C compiler identification is GNU, found in "/lustre/orion/proj-shared/stf008/hvac/sylee/dcp/mpifileutils-v0.11.1/build/CMakeFiles/3.20.4/CompilerIdC/a.out"

Compiling the CXX compiler identification source file "CMakeCXXCompilerId.cpp" succeeded.
Compiler: /opt/cray/pe/gcc/12.2.0/snos/bin/g++ 
Build flags: 
Id flags:  

The output was:
0


Compilation of the CXX compiler identification source "CMakeCXXCompilerId.cpp" produced "a.out"

The CXX compiler identification is GNU, found in "/lustre/orion/proj-shared/stf008/hvac/sylee/dcp/mpifileutils-v0.11.1/build/CMakeFiles/3.20.4/CompilerIdCXX/a.out"

Detecting C compiler ABI info compiled with the following output:
Change Dir: /lustre/orion/proj-shared/stf008/hvac/sylee/dcp/mpifileutils-v0.11.1/build/CMakeFiles/CMakeTmp

Run Build Command(s):/usr/bin/gmake -f Makefile cmTC_ff6fb/fast && /usr/bin/gmake  -f CMakeFiles/cmTC_ff6fb.dir/build.make CMakeFiles/cmTC_ff6fb.dir/build
gmake[1]: Entering directory '/lustre/orion/stf008/proj-shared/hvac/sylee/dcp/mpifileutils-v0.11.1/build/CMakeFiles/CMakeTmp'
Building C object CMakeFiles/cmTC_ff6fb.dir/CMakeCCompilerABI.c.o
/opt/cray/pe/gcc/12.2.0/snos/bin/gcc   -v -o CMakeFiles/cmTC_ff6fb.dir/CMakeCCompilerABI.c.o -c /usr/share/cmake/Modules/CMakeCCompilerABI.c
Using built-in specs.
COLLECT_GCC=/opt/cray/pe/gcc/12.2.0/snos/bin/gcc
Target: x86_64-suse-linux
Configured with: ../cpe-gcc-12.2.0-202304182231.7dfee50f41751/configure --prefix=/opt/cray/pe/gcc/12.2.0/snos --disable-nls --libdir=/opt/cray/pe/gcc/12.2.0/snos/lib --enable-languages=c,c++,fortran --with-gxx-include-dir=/opt/cray/pe/gcc/12.2.0/snos/include/g++ --with-slibdir=/opt/cray/pe/gcc/12.2.0/snos/lib --with-system-zlib --enable-shared --enable-__cxa_atexit --build=x86_64-suse-linux --with-ppl --with-cloog --disable-multilib
Thread model: posix
Supported LTO compression algorithms: zlib
gcc version 12.2.0 20220819 (HPE) (GCC) 
COLLECT_GCC_OPTIONS='-v' '-o' 'CMakeFiles/cmTC_ff6fb.dir/CMakeCCompilerABI.c.o' '-c' '-mtune=generic' '-march=x86-64' '-dumpdir' 'CMakeFiles/cmTC_ff6fb.dir/'
 /opt/cray/pe/gcc/12.2.0/snos/libexec/gcc/x86_64-suse-linux/12.2.0/cc1 -quiet -v /usr/share/cmake/Modules/CMakeCCompilerABI.c -quiet -dumpdir CMakeFiles/cmTC_ff6fb.dir/ -dumpbase CMakeCCompilerABI.c.c -dumpbase-ext .c -mtune=generic -march=x86-64 -version -o /tmp/ccwLk76f.s
GNU C17 (GCC) version 12.2.0 20220819 (HPE) (x86_64-suse-linux)
	compiled by GNU C version 12.2.0 20220819 (HPE), GMP version 6.0.0, MPFR version 3.1.3, MPC version 1.0.3, isl version isl-0.15-GMP

GGC heuristics: --param ggc-min-expand=100 --param ggc-min-heapsize=131072
ignoring nonexistent directory "/opt/cray/pe/gcc/12.2.0/snos/lib/gcc/x86_64-suse-linux/12.2.0/../../../../x86_64-suse-linux/include"
#include "..." search starts here:
#include <...> search starts here:
 /opt/cray/pe/gcc/12.2.0/snos/lib/gcc/x86_64-suse-linux/12.2.0/include
 /usr/local/include
 /opt/cray/pe/gcc/12.2.0/snos/include
 /opt/cray/pe/gcc/12.2.0/snos/lib/gcc/x86_64-suse-linux/12.2.0/include-fixed
 /usr/include
End of search list.
GNU C17 (GCC) version 12.2.0 20220819 (HPE) (x86_64-suse-linux)
	compiled by GNU C version 12.2.0 20220819 (HPE), GMP version 6.0.0, MPFR version 3.1.3, MPC version 1.0.3, isl version isl-0.15-GMP

GGC heuristics: --param ggc-min-expand=100 --param ggc-min-heapsize=131072
Compiler executable checksum: c9a59b04f07d511d237a8fb885740540
COLLECT_GCC_OPTIONS='-v' '-o' 'CMakeFiles/cmTC_ff6fb.dir/CMakeCCompilerABI.c.o' '-c' '-mtune=generic' '-march=x86-64' '-dumpdir' 'CMakeFiles/cmTC_ff6fb.dir/'
 as -v --64 -o CMakeFiles/cmTC_ff6fb.dir/CMakeCCompilerABI.c.o /tmp/ccwLk76f.s
GNU assembler version 2.40 (x86_64-pc-linux-gnu) using BFD version (GNU Binutils) 2.40
COMPILER_PATH=/opt/cray/pe/gcc/12.2.0/snos/libexec/gcc/x86_64-suse-linux/12.2.0/:/opt/cray/pe/gcc/12.2.0/snos/libexec/gcc/x86_64-suse-linux/12.2.0/:/opt/cray/pe/gcc/12.2.0/snos/libexec/gcc/x86_64-suse-linux/:/opt/cray/pe/gcc/12.2.0/snos/lib/gcc/x86_64-suse-linux/12.2.0/:/opt/cray/pe/gcc/12.2.0/snos/lib/gcc/x86_64-suse-linux/
LIBRARY_PATH=/opt/cray/pe/gcc/12.2.0/snos/lib/gcc/x86_64-suse-linux/12.2.0/:/opt/cray/pe/gcc/12.2.0/snos/lib/gcc/x86_64-suse-linux/12.2.0/../../../../lib64/:/lib/../lib64/:/usr/lib/../lib64/:/opt/cray/pe/gcc/12.2.0/snos/lib/gcc/x86_64-suse-linux/12.2.0/../../../:/lib/:/usr/lib/
COLLECT_GCC_OPTIONS='-v' '-o' 'CMakeFiles/cmTC_ff6fb.dir/CMakeCCompilerABI.c.o' '-c' '-mtune=generic' '-march=x86-64' '-dumpdir' 'CMakeFiles/cmTC_ff6fb.dir/CMakeCCompilerABI.c.'
Linking C executable cmTC_ff6fb
/usr/bin/cmake -E cmake_link_script CMakeFiles/cmTC_ff6fb.dir/link.txt --verbose=1
/opt/cray/pe/gcc/12.2.0/snos/bin/gcc  -v -rdynamic CMakeFiles/cmTC_ff6fb.dir/CMakeCCompilerABI.c.o -o cmTC_ff6fb 
Using built-in specs.
COLLECT_GCC=/opt/cray/pe/gcc/12.2.0/snos/bin/gcc
COLLECT_LTO_WRAPPER=/opt/cray/pe/gcc/12.2.0/snos/libexec/gcc/x86_64-suse-linux/12.2.0/lto-wrapper
Target: x86_64-suse-linux
Configured with: ../cpe-gcc-12.2.0-202304182231.7dfee50f41751/configure --prefix=/opt/cray/pe/gcc/12.2.0/snos --disable-nls --libdir=/opt/cray/pe/gcc/12.2.0/snos/lib --enable-languages=c,c++,fortran --with-gxx-include-dir=/opt/cray/pe/gcc/12.2.0/snos/include/g++ --with-slibdir=/opt/cray/pe/gcc/12.2.0/snos/lib --with-system-zlib --enable-shared --enable-__cxa_atexit --build=x86_64-suse-linux --with-ppl --with-cloog --disable-multilib
Thread model: posix
Supported LTO compression algorithms: zlib
gcc version 12.2.0 20220819 (HPE) (GCC) 
COMPILER_PATH=/opt/cray/pe/gcc/12.2.0/snos/libexec/gcc/x86_64-suse-linux/12.2.0/:/opt/cray/pe/gcc/12.2.0/snos/libexec/gcc/x86_64-suse-linux/12.2.0/:/opt/cray/pe/gcc/12.2.0/snos/libexec/gcc/x86_64-suse-linux/:/opt/cray/pe/gcc/12.2.0/snos/lib/gcc/x86_64-suse-linux/12.2.0/:/opt/cray/pe/gcc/12.2.0/snos/lib/gcc/x86_64-suse-linux/
LIBRARY_PATH=/opt/cray/pe/gcc/12.2.0/snos/lib/gcc/x86_64-suse-linux/12.2.0/:/opt/cray/pe/gcc/12.2.0/snos/lib/gcc/x86_64-suse-linux/12.2.0/../../../../lib64/:/lib/../lib64/:/usr/lib/../lib64/:/opt/cray/pe/gcc/12.2.0/snos/lib/gcc/x86_64-suse-linux/12.2.0/../../../:/lib/:/usr/lib/
COLLECT_GCC_OPTIONS='-v' '-rdynamic' '-o' 'cmTC_ff6fb' '-mtune=generic' '-march=x86-64' '-dumpdir' 'cmTC_ff6fb.'
 /opt/cray/pe/gcc/12.2.0/snos/libexec/gcc/x86_64-suse-linux/12.2.0/collect2 -plugin /opt/cray/pe/gcc/12.2.0/snos/libexec/gcc/x86_64-suse-linux/12.2.0/liblto_plugin.so -plugin-opt=/opt/cray/pe/gcc/12.2.0/snos/libexec/gcc/x86_64-suse-linux/12.2.0/lto-wrapper -plugin-opt=-fresolution=/tmp/ccl9lLDC.res -plugin-opt=-pass-through=-lgcc -plugin-opt=-pass-through=-lgcc_s -plugin-opt=-pass-through=-lc -plugin-opt=-pass-through=-lgcc -plugin-opt=-pass-through=-lgcc_s --eh-frame-hdr -m elf_x86_64 -export-dynamic -dynamic-linker /lib64/ld-linux-x86-64.so.2 -o cmTC_ff6fb /usr/lib/../lib64/crt1.o /usr/lib/../lib64/crti.o /opt/cray/pe/gcc/12.2.0/snos/lib/gcc/x86_64-suse-linux/12.2.0/crtbegin.o -L/opt/cray/pe/gcc/12.2.0/snos/lib/gcc/x86_64-suse-linux/12.2.0 -L/opt/cray/pe/gcc/12.2.0/snos/lib/gcc/x86_64-suse-linux/12.2.0/../../../../lib64 -L/lib/../lib64 -L/usr/lib/../lib64 -L/opt/cray/pe/gcc/12.2.0/snos/lib/gcc/x86_64-suse-linux/12.2.0/../../.. CMakeFiles/cmTC_ff6fb.dir/CMakeCCompilerABI.c.o -lgcc --push-state --as-needed -lgcc_s --pop-state -lc -lgcc --push-state --as-needed -lgcc_s --pop-state /opt/cray/pe/gcc/12.2.0/snos/lib/gcc/x86_64-suse-linux/12.2.0/crtend.o /usr/lib/../lib64/crtn.o
COLLECT_GCC_OPTIONS='-v' '-rdynamic' '-o' 'cmTC_ff6fb' '-mtune=generic' '-march=x86-64' '-dumpdir' 'cmTC_ff6fb.'
gmake[1]: Leaving directory '/lustre/orion/stf008/proj-shared/hvac/sylee/dcp/mpifileutils-v0.11.1/build/CMakeFiles/CMakeTmp'



Parsed C implicit include dir info from above output: rv=done
  found start of include info
  found start of implicit include info
    add: [/opt/cray/pe/gcc/12.2.0/snos/lib/gcc/x86_64-suse-linux/12.2.0/include]
    add: [/usr/local/include]
    add: [/opt/cray/pe/gcc/12.2.0/snos/include]
    add: [/opt/cray/pe/gcc/12.2.0/snos/lib/gcc/x86_64-suse-linux/12.2.0/include-fixed]
    add: [/usr/include]
  end of search list found
  collapse include dir [/opt/cray/pe/gcc/12.2.0/snos/lib/gcc/x86_64-suse-linux/12.2.0/include] ==> [/opt/cray/pe/gcc/12.2.0/snos/lib/gcc/x86_64-suse-linux/12.2.0/include]
  collapse include dir [/usr/local/include] ==> [/usr/local/include]
  collapse include dir [/opt/cray/pe/gcc/12.2.0/snos/include] ==> [/opt/cray/pe/gcc/12.2.0/snos/include]
  collapse include dir [/opt/cray/pe/gcc/12.2.0/snos/lib/gcc/x86_64-suse-linux/12.2.0/include-fixed] ==> [/opt/cray/pe/gcc/12.2.0/snos/lib/gcc/x86_64-suse-linux/12.2.0/include-fixed]
  collapse include dir [/usr/include] ==> [/usr/include]
  implicit include dirs: [/opt/cray/pe/gcc/12.2.0/snos/lib/gcc/x86_64-suse-linux/12.2.0/include;/usr/local/include;/opt/cray/pe/gcc/12.2.0/snos/include;/opt/cray/pe/gcc/12.2.0/snos/lib/gcc/x86_64-suse-linux/12.2.0/include-fixed;/usr/include]


Parsed C implicit link information from above output:
  link line regex: [^( *|.*[/\])(ld|CMAKE_LINK_STARTFILE-NOTFOUND|([^/\]+-)?ld|collect2)[^/\]*( |$)]
  ignore line: [Change Dir: /lustre/orion/proj-shared/stf008/hvac/sylee/dcp/mpifileutils-v0.11.1/build/CMakeFiles/CMakeTmp]
  ignore line: []
  ignore line: [Run Build Command(s):/usr/bin/gmake -f Makefile cmTC_ff6fb/fast && /usr/bin/gmake  -f CMakeFiles/cmTC_ff6fb.dir/build.make CMakeFiles/cmTC_ff6fb.dir/build]
  ignore line: [gmake[1]: Entering directory '/lustre/orion/stf008/proj-shared/hvac/sylee/dcp/mpifileutils-v0.11.1/build/CMakeFiles/CMakeTmp']
  ignore line: [Building C object CMakeFiles/cmTC_ff6fb.dir/CMakeCCompilerABI.c.o]
  ignore line: [/opt/cray/pe/gcc/12.2.0/snos/bin/gcc   -v -o CMakeFiles/cmTC_ff6fb.dir/CMakeCCompilerABI.c.o -c /usr/share/cmake/Modules/CMakeCCompilerABI.c]
  ignore line: [Using built-in specs.]
  ignore line: [COLLECT_GCC=/opt/cray/pe/gcc/12.2.0/snos/bin/gcc]
  ignore line: [Target: x86_64-suse-linux]
  ignore line: [Configured with: ../cpe-gcc-12.2.0-202304182231.7dfee50f41751/configure --prefix=/opt/cray/pe/gcc/12.2.0/snos --disable-nls --libdir=/opt/cray/pe/gcc/12.2.0/snos/lib --enable-languages=c c++ fortran --with-gxx-include-dir=/opt/cray/pe/gcc/12.2.0/snos/include/g++ --with-slibdir=/opt/cray/pe/gcc/12.2.0/snos/lib --with-system-zlib --enable-shared --enable-__cxa_atexit --build=x86_64-suse-linux --with-ppl --with-cloog --disable-multilib]
  ignore line: [Thread model: posix]
  ignore line: [Supported LTO compression algorithms: zlib]
  ignore line: [gcc version 12.2.0 20220819 (HPE) (GCC) ]
  ignore line: [COLLECT_GCC_OPTIONS='-v' '-o' 'CMakeFiles/cmTC_ff6fb.dir/CMakeCCompilerABI.c.o' '-c' '-mtune=generic' '-march=x86-64' '-dumpdir' 'CMakeFiles/cmTC_ff6fb.dir/']
  ignore line: [ /opt/cray/pe/gcc/12.2.0/snos/libexec/gcc/x86_64-suse-linux/12.2.0/cc1 -quiet -v /usr/share/cmake/Modules/CMakeCCompilerABI.c -quiet -dumpdir CMakeFiles/cmTC_ff6fb.dir/ -dumpbase CMakeCCompilerABI.c.c -dumpbase-ext .c -mtune=generic -march=x86-64 -version -o /tmp/ccwLk76f.s]
  ignore line: [GNU C17 (GCC) version 12.2.0 20220819 (HPE) (x86_64-suse-linux)]
  ignore line: [	compiled by GNU C version 12.2.0 20220819 (HPE)  GMP version 6.0.0  MPFR version 3.1.3  MPC version 1.0.3  isl version isl-0.15-GMP]
  ignore line: []
  ignore line: [GGC heuristics: --param ggc-min-expand=100 --param ggc-min-heapsize=131072]
  ignore line: [ignoring nonexistent directory "/opt/cray/pe/gcc/12.2.0/snos/lib/gcc/x86_64-suse-linux/12.2.0/../../../../x86_64-suse-linux/include"]
  ignore line: [#include "..." search starts here:]
  ignore line: [#include <...> search starts here:]
  ignore line: [ /opt/cray/pe/gcc/12.2.0/snos/lib/gcc/x86_64-suse-linux/12.2.0/include]
  ignore line: [ /usr/local/include]
  ignore line: [ /opt/cray/pe/gcc/12.2.0/snos/include]
  ignore line: [ /opt/cray/pe/gcc/12.2.0/snos/lib/gcc/x86_64-suse-linux/12.2.0/include-fixed]
  ignore line: [ /usr/include]
  ignore line: [End of search list.]
  ignore line: [GNU C17 (GCC) version 12.2.0 20220819 (HPE) (x86_64-suse-linux)]
  ignore line: [	compiled by GNU C version 12.2.0 20220819 (HPE)  GMP version 6.0.0  MPFR version 3.1.3  MPC version 1.0.3  isl version isl-0.15-GMP]
  ignore line: []
  ignore line: [GGC heuristics: --param ggc-min-expand=100 --param ggc-min-heapsize=131072]
  ignore line: [Compiler executable checksum: c9a59b04f07d511d237a8fb885740540]
  ignore line: [COLLECT_GCC_OPTIONS='-v' '-o' 'CMakeFiles/cmTC_ff6fb.dir/CMakeCCompilerABI.c.o' '-c' '-mtune=generic' '-march=x86-64' '-dumpdir' 'CMakeFiles/cmTC_ff6fb.dir/']
  ignore line: [ as -v --64 -o CMakeFiles/cmTC_ff6fb.dir/CMakeCCompilerABI.c.o /tmp/ccwLk76f.s]
  ignore line: [GNU assembler version 2.40 (x86_64-pc-linux-gnu) using BFD version (GNU Binutils) 2.40]
  ignore line: [COMPILER_PATH=/opt/cray/pe/gcc/12.2.0/snos/libexec/gcc/x86_64-suse-linux/12.2.0/:/opt/cray/pe/gcc/12.2.0/snos/libexec/gcc/x86_64-suse-linux/12.2.0/:/opt/cray/pe/gcc/12.2.0/snos/libexec/gcc/x86_64-suse-linux/:/opt/cray/pe/gcc/12.2.0/snos/lib/gcc/x86_64-suse-linux/12.2.0/:/opt/cray/pe/gcc/12.2.0/snos/lib/gcc/x86_64-suse-linux/]
  ignore line: [LIBRARY_PATH=/opt/cray/pe/gcc/12.2.0/snos/lib/gcc/x86_64-suse-linux/12.2.0/:/opt/cray/pe/gcc/12.2.0/snos/lib/gcc/x86_64-suse-linux/12.2.0/../../../../lib64/:/lib/../lib64/:/usr/lib/../lib64/:/opt/cray/pe/gcc/12.2.0/snos/lib/gcc/x86_64-suse-linux/12.2.0/../../../:/lib/:/usr/lib/]
  ignore line: [COLLECT_GCC_OPTIONS='-v' '-o' 'CMakeFiles/cmTC_ff6fb.dir/CMakeCCompilerABI.c.o' '-c' '-mtune=generic' '-march=x86-64' '-dumpdir' 'CMakeFiles/cmTC_ff6fb.dir/CMakeCCompilerABI.c.']
  ignore line: [Linking C executable cmTC_ff6fb]
  ignore line: [/usr/bin/cmake -E cmake_link_script CMakeFiles/cmTC_ff6fb.dir/link.txt --verbose=1]
  ignore line: [/opt/cray/pe/gcc/12.2.0/snos/bin/gcc  -v -rdynamic CMakeFiles/cmTC_ff6fb.dir/CMakeCCompilerABI.c.o -o cmTC_ff6fb ]
  ignore line: [Using built-in specs.]
  ignore line: [COLLECT_GCC=/opt/cray/pe/gcc/12.2.0/snos/bin/gcc]
  ignore line: [COLLECT_LTO_WRAPPER=/opt/cray/pe/gcc/12.2.0/snos/libexec/gcc/x86_64-suse-linux/12.2.0/lto-wrapper]
  ignore line: [Target: x86_64-suse-linux]
  ignore line: [Configured with: ../cpe-gcc-12.2.0-202304182231.7dfee50f41751/configure --prefix=/opt/cray/pe/gcc/12.2.0/snos --disable-nls --libdir=/opt/cray/pe/gcc/12.2.0/snos/lib --enable-languages=c c++ fortran --with-gxx-include-dir=/opt/cray/pe/gcc/12.2.0/snos/include/g++ --with-slibdir=/opt/cray/pe/gcc/12.2.0/snos/lib --with-system-zlib --enable-shared --enable-__cxa_atexit --build=x86_64-suse-linux --with-ppl --with-cloog --disable-multilib]
  ignore line: [Thread model: posix]
  ignore line: [Supported LTO compression algorithms: zlib]
  ignore line: [gcc version 12.2.0 20220819 (HPE) (GCC) ]
  ignore line: [COMPILER_PATH=/opt/cray/pe/gcc/12.2.0/snos/libexec/gcc/x86_64-suse-linux/12.2.0/:/opt/cray/pe/gcc/12.2.0/snos/libexec/gcc/x86_64-suse-linux/12.2.0/:/opt/cray/pe/gcc/12.2.0/snos/libexec/gcc/x86_64-suse-linux/:/opt/cray/pe/gcc/12.2.0/snos/lib/gcc/x86_64-suse-linux/12.2.0/:/opt/cray/pe/gcc/12.2.0/snos/lib/gcc/x86_64-suse-linux/]
  ignore line: [LIBRARY_PATH=/opt/cray/pe/gcc/12.2.0/snos/lib/gcc/x86_64-suse-linux/12.2.0/:/opt/cray/pe/gcc/12.2.0/snos/lib/gcc/x86_64-suse-linux/12.2.0/../../../../lib64/:/lib/../lib64/:/usr/lib/../lib64/:/opt/cray/pe/gcc/12.2.0/snos/lib/gcc/x86_64-suse-linux/12.2.0/../../../:/lib/:/usr/lib/]
  ignore line: [COLLECT_GCC_OPTIONS='-v' '-rdynamic' '-o' 'cmTC_ff6fb' '-mtune=generic' '-march=x86-64' '-dumpdir' 'cmTC_ff6fb.']
  link line: [ /opt/cray/pe/gcc/12.2.0/snos/libexec/gcc/x86_64-suse-linux/12.2.0/collect2 -plugin /opt/cray/pe/gcc/12.2.0/snos/libexec/gcc/x86_64-suse-linux/12.2.0/liblto_plugin.so -plugin-opt=/opt/cray/pe/gcc/12.2.0/snos/libexec/gcc/x86_64-suse-linux/12.2.0/lto-wrapper -plugin-opt=-fresolution=/tmp/ccl9lLDC.res -plugin-opt=-pass-through=-lgcc -plugin-opt=-pass-through=-lgcc_s -plugin-opt=-pass-through=-lc -plugin-opt=-pass-through=-lgcc -plugin-opt=-pass-through=-lgcc_s --eh-frame-hdr -m elf_x86_64 -export-dynamic -dynamic-linker /lib64/ld-linux-x86-64.so.2 -o cmTC_ff6fb /usr/lib/../lib64/crt1.o /usr/lib/../lib64/crti.o /opt/cray/pe/gcc/12.2.0/snos/lib/gcc/x86_64-suse-linux/12.2.0/crtbegin.o -L/opt/cray/pe/gcc/12.2.0/snos/lib/gcc/x86_64-suse-linux/12.2.0 -L/opt/cray/pe/gcc/12.2.0/snos/lib/gcc/x86_64-suse-linux/12.2.0/../../../../lib64 -L/lib/../lib64 -L/usr/lib/../lib64 -L/opt/cray/pe/gcc/12.2.0/snos/lib/gcc/x86_64-suse-linux/12.2.0/../../.. CMakeFiles/cmTC_ff6fb.dir/CMakeCCompilerABI.c.o -lgcc --push-state --as-needed -lgcc_s --pop-state -lc -lgcc --push-state --as-needed -lgcc_s --pop-state /opt/cray/pe/gcc/12.2.0/snos/lib/gcc/x86_64-suse-linux/12.2.0/crtend.o /usr/lib/../lib64/crtn.o]
    arg [/opt/cray/pe/gcc/12.2.0/snos/libexec/gcc/x86_64-suse-linux/12.2.0/collect2] ==> ignore
    arg [-plugin] ==> ignore
    arg [/opt/cray/pe/gcc/12.2.0/snos/libexec/gcc/x86_64-suse-linux/12.2.0/liblto_plugin.so] ==> ignore
    arg [-plugin-opt=/opt/cray/pe/gcc/12.2.0/snos/libexec/gcc/x86_64-suse-linux/12.2.0/lto-wrapper] ==> ignore
    arg [-plugin-opt=-fresolution=/tmp/ccl9lLDC.res] ==> ignore
    arg [-plugin-opt=-pass-through=-lgcc] ==> ignore
    arg [-plugin-opt=-pass-through=-lgcc_s] ==> ignore
    arg [-plugin-opt=-pass-through=-lc] ==> ignore
    arg [-plugin-opt=-pass-through=-lgcc] ==> ignore
    arg [-plugin-opt=-pass-through=-lgcc_s] ==> ignore
    arg [--eh-frame-hdr] ==> ignore
    arg [-m] ==> ignore
    arg [elf_x86_64] ==> ignore
    arg [-export-dynamic] ==> ignore
    arg [-dynamic-linker] ==> ignore
    arg [/lib64/ld-linux-x86-64.so.2] ==> ignore
    arg [-o] ==> ignore
    arg [cmTC_ff6fb] ==> ignore
    arg [/usr/lib/../lib64/crt1.o] ==> obj [/usr/lib/../lib64/crt1.o]
    arg [/usr/lib/../lib64/crti.o] ==> obj [/usr/lib/../lib64/crti.o]
    arg [/opt/cray/pe/gcc/12.2.0/snos/lib/gcc/x86_64-suse-linux/12.2.0/crtbegin.o] ==> obj [/opt/cray/pe/gcc/12.2.0/snos/lib/gcc/x86_64-suse-linux/12.2.0/crtbegin.o]
    arg [-L/opt/cray/pe/gcc/12.2.0/snos/lib/gcc/x86_64-suse-linux/12.2.0] ==> dir [/opt/cray/pe/gcc/12.2.0/snos/lib/gcc/x86_64-suse-linux/12.2.0]
    arg [-L/opt/cray/pe/gcc/12.2.0/snos/lib/gcc/x86_64-suse-linux/12.2.0/../../../../lib64] ==> dir [/opt/cray/pe/gcc/12.2.0/snos/lib/gcc/x86_64-suse-linux/12.2.0/../../../../lib64]
    arg [-L/lib/../lib64] ==> dir [/lib/../lib64]
    arg [-L/usr/lib/../lib64] ==> dir [/usr/lib/../lib64]
    arg [-L/opt/cray/pe/gcc/12.2.0/snos/lib/gcc/x86_64-suse-linux/12.2.0/../../..] ==> dir [/opt/cray/pe/gcc/12.2.0/snos/lib/gcc/x86_64-suse-linux/12.2.0/../../..]
    arg [CMakeFiles/cmTC_ff6fb.dir/CMakeCCompilerABI.c.o] ==> ignore
    arg [-lgcc] ==> lib [gcc]
    arg [--push-state] ==> ignore
    arg [--as-needed] ==> ignore
    arg [-lgcc_s] ==> lib [gcc_s]
    arg [--pop-state] ==> ignore
    arg [-lc] ==> lib [c]
    arg [-lgcc] ==> lib [gcc]
    arg [--push-state] ==> ignore
    arg [--as-needed] ==> ignore
    arg [-lgcc_s] ==> lib [gcc_s]
    arg [--pop-state] ==> ignore
    arg [/opt/cray/pe/gcc/12.2.0/snos/lib/gcc/x86_64-suse-linux/12.2.0/crtend.o] ==> obj [/opt/cray/pe/gcc/12.2.0/snos/lib/gcc/x86_64-suse-linux/12.2.0/crtend.o]
    arg [/usr/lib/../lib64/crtn.o] ==> obj [/usr/lib/../lib64/crtn.o]
  collapse obj [/usr/lib/../lib64/crt1.o] ==> [/usr/lib64/crt1.o]
  collapse obj [/usr/lib/../lib64/crti.o] ==> [/usr/lib64/crti.o]
  collapse obj [/usr/lib/../lib64/crtn.o] ==> [/usr/lib64/crtn.o]
  collapse library dir [/opt/cray/pe/gcc/12.2.0/snos/lib/gcc/x86_64-suse-linux/12.2.0] ==> [/opt/cray/pe/gcc/12.2.0/snos/lib/gcc/x86_64-suse-linux/12.2.0]
  collapse library dir [/opt/cray/pe/gcc/12.2.0/snos/lib/gcc/x86_64-suse-linux/12.2.0/../../../../lib64] ==> [/opt/cray/pe/gcc/12.2.0/snos/lib64]
  collapse library dir [/lib/../lib64] ==> [/lib64]
  collapse library dir [/usr/lib/../lib64] ==> [/usr/lib64]
  collapse library dir [/opt/cray/pe/gcc/12.2.0/snos/lib/gcc/x86_64-suse-linux/12.2.0/../../..] ==> [/opt/cray/pe/gcc/12.2.0/snos/lib]
  implicit libs: [gcc;gcc_s;c;gcc;gcc_s]
  implicit objs: [/usr/lib64/crt1.o;/usr/lib64/crti.o;/opt/cray/pe/gcc/12.2.0/snos/lib/gcc/x86_64-suse-linux/12.2.0/crtbegin.o;/opt/cray/pe/gcc/12.2.0/snos/lib/gcc/x86_64-suse-linux/12.2.0/crtend.o;/usr/lib64/crtn.o]
  implicit dirs: [/opt/cray/pe/gcc/12.2.0/snos/lib/gcc/x86_64-suse-linux/12.2.0;/opt/cray/pe/gcc/12.2.0/snos/lib64;/lib64;/usr/lib64;/opt/cray/pe/gcc/12.2.0/snos/lib]
  implicit fwks: []


Detecting CXX compiler ABI info compiled with the following output:
Change Dir: /lustre/orion/proj-shared/stf008/hvac/sylee/dcp/mpifileutils-v0.11.1/build/CMakeFiles/CMakeTmp

Run Build Command(s):/usr/bin/gmake -f Makefile cmTC_67524/fast && /usr/bin/gmake  -f CMakeFiles/cmTC_67524.dir/build.make CMakeFiles/cmTC_67524.dir/build
gmake[1]: Entering directory '/lustre/orion/stf008/proj-shared/hvac/sylee/dcp/mpifileutils-v0.11.1/build/CMakeFiles/CMakeTmp'
Building CXX object CMakeFiles/cmTC_67524.dir/CMakeCXXCompilerABI.cpp.o
/opt/cray/pe/gcc/12.2.0/snos/bin/g++   -v -o CMakeFiles/cmTC_67524.dir/CMakeCXXCompilerABI.cpp.o -c /usr/share/cmake/Modules/CMakeCXXCompilerABI.cpp
Using built-in specs.
COLLECT_GCC=/opt/cray/pe/gcc/12.2.0/snos/bin/g++
Target: x86_64-suse-linux
Configured with: ../cpe-gcc-12.2.0-202304182231.7dfee50f41751/configure --prefix=/opt/cray/pe/gcc/12.2.0/snos --disable-nls --libdir=/opt/cray/pe/gcc/12.2.0/snos/lib --enable-languages=c,c++,fortran --with-gxx-include-dir=/opt/cray/pe/gcc/12.2.0/snos/include/g++ --with-slibdir=/opt/cray/pe/gcc/12.2.0/snos/lib --with-system-zlib --enable-shared --enable-__cxa_atexit --build=x86_64-suse-linux --with-ppl --with-cloog --disable-multilib
Thread model: posix
Supported LTO compression algorithms: zlib
gcc version 12.2.0 20220819 (HPE) (GCC) 
COLLECT_GCC_OPTIONS='-v' '-o' 'CMakeFiles/cmTC_67524.dir/CMakeCXXCompilerABI.cpp.o' '-c' '-shared-libgcc' '-mtune=generic' '-march=x86-64' '-dumpdir' 'CMakeFiles/cmTC_67524.dir/'
 /opt/cray/pe/gcc/12.2.0/snos/libexec/gcc/x86_64-suse-linux/12.2.0/cc1plus -quiet -v -D_GNU_SOURCE /usr/share/cmake/Modules/CMakeCXXCompilerABI.cpp -quiet -dumpdir CMakeFiles/cmTC_67524.dir/ -dumpbase CMakeCXXCompilerABI.cpp.cpp -dumpbase-ext .cpp -mtune=generic -march=x86-64 -version -o /tmp/ccmu91o2.s
GNU C++17 (GCC) version 12.2.0 20220819 (HPE) (x86_64-suse-linux)
	compiled by GNU C version 12.2.0 20220819 (HPE), GMP version 6.0.0, MPFR version 3.1.3, MPC version 1.0.3, isl version isl-0.15-GMP

GGC heuristics: --param ggc-min-expand=100 --param ggc-min-heapsize=131072
ignoring nonexistent directory "/opt/cray/pe/gcc/12.2.0/snos/lib/gcc/x86_64-suse-linux/12.2.0/../../../../x86_64-suse-linux/include"
#include "..." search starts here:
#include <...> search starts here:
 /opt/cray/pe/gcc/12.2.0/snos/include/g++
 /opt/cray/pe/gcc/12.2.0/snos/include/g++/x86_64-suse-linux
 /opt/cray/pe/gcc/12.2.0/snos/include/g++/backward
 /opt/cray/pe/gcc/12.2.0/snos/lib/gcc/x86_64-suse-linux/12.2.0/include
 /usr/local/include
 /opt/cray/pe/gcc/12.2.0/snos/include
 /opt/cray/pe/gcc/12.2.0/snos/lib/gcc/x86_64-suse-linux/12.2.0/include-fixed
 /usr/include
End of search list.
GNU C++17 (GCC) version 12.2.0 20220819 (HPE) (x86_64-suse-linux)
	compiled by GNU C version 12.2.0 20220819 (HPE), GMP version 6.0.0, MPFR version 3.1.3, MPC version 1.0.3, isl version isl-0.15-GMP

GGC heuristics: --param ggc-min-expand=100 --param ggc-min-heapsize=131072
Compiler executable checksum: 8ab7458f0c71d9bb97051ab15796c1ac
COLLECT_GCC_OPTIONS='-v' '-o' 'CMakeFiles/cmTC_67524.dir/CMakeCXXCompilerABI.cpp.o' '-c' '-shared-libgcc' '-mtune=generic' '-march=x86-64' '-dumpdir' 'CMakeFiles/cmTC_67524.dir/'
 as -v --64 -o CMakeFiles/cmTC_67524.dir/CMakeCXXCompilerABI.cpp.o /tmp/ccmu91o2.s
GNU assembler version 2.40 (x86_64-pc-linux-gnu) using BFD version (GNU Binutils) 2.40
COMPILER_PATH=/opt/cray/pe/gcc/12.2.0/snos/libexec/gcc/x86_64-suse-linux/12.2.0/:/opt/cray/pe/gcc/12.2.0/snos/libexec/gcc/x86_64-suse-linux/12.2.0/:/opt/cray/pe/gcc/12.2.0/snos/libexec/gcc/x86_64-suse-linux/:/opt/cray/pe/gcc/12.2.0/snos/lib/gcc/x86_64-suse-linux/12.2.0/:/opt/cray/pe/gcc/12.2.0/snos/lib/gcc/x86_64-suse-linux/
LIBRARY_PATH=/opt/cray/pe/gcc/12.2.0/snos/lib/gcc/x86_64-suse-linux/12.2.0/:/opt/cray/pe/gcc/12.2.0/snos/lib/gcc/x86_64-suse-linux/12.2.0/../../../../lib64/:/lib/../lib64/:/usr/lib/../lib64/:/opt/cray/pe/gcc/12.2.0/snos/lib/gcc/x86_64-suse-linux/12.2.0/../../../:/lib/:/usr/lib/
COLLECT_GCC_OPTIONS='-v' '-o' 'CMakeFiles/cmTC_67524.dir/CMakeCXXCompilerABI.cpp.o' '-c' '-shared-libgcc' '-mtune=generic' '-march=x86-64' '-dumpdir' 'CMakeFiles/cmTC_67524.dir/CMakeCXXCompilerABI.cpp.'
Linking CXX executable cmTC_67524
/usr/bin/cmake -E cmake_link_script CMakeFiles/cmTC_67524.dir/link.txt --verbose=1
/opt/cray/pe/gcc/12.2.0/snos/bin/g++  -v -rdynamic CMakeFiles/cmTC_67524.dir/CMakeCXXCompilerABI.cpp.o -o cmTC_67524 
Using built-in specs.
COLLECT_GCC=/opt/cray/pe/gcc/12.2.0/snos/bin/g++
COLLECT_LTO_WRAPPER=/opt/cray/pe/gcc/12.2.0/snos/libexec/gcc/x86_64-suse-linux/12.2.0/lto-wrapper
Target: x86_64-suse-linux
Configured with: ../cpe-gcc-12.2.0-202304182231.7dfee50f41751/configure --prefix=/opt/cray/pe/gcc/12.2.0/snos --disable-nls --libdir=/opt/cray/pe/gcc/12.2.0/snos/lib --enable-languages=c,c++,fortran --with-gxx-include-dir=/opt/cray/pe/gcc/12.2.0/snos/include/g++ --with-slibdir=/opt/cray/pe/gcc/12.2.0/snos/lib --with-system-zlib --enable-shared --enable-__cxa_atexit --build=x86_64-suse-linux --with-ppl --with-cloog --disable-multilib
Thread model: posix
Supported LTO compression algorithms: zlib
gcc version 12.2.0 20220819 (HPE) (GCC) 
COMPILER_PATH=/opt/cray/pe/gcc/12.2.0/snos/libexec/gcc/x86_64-suse-linux/12.2.0/:/opt/cray/pe/gcc/12.2.0/snos/libexec/gcc/x86_64-suse-linux/12.2.0/:/opt/cray/pe/gcc/12.2.0/snos/libexec/gcc/x86_64-suse-linux/:/opt/cray/pe/gcc/12.2.0/snos/lib/gcc/x86_64-suse-linux/12.2.0/:/opt/cray/pe/gcc/12.2.0/snos/lib/gcc/x86_64-suse-linux/
LIBRARY_PATH=/opt/cray/pe/gcc/12.2.0/snos/lib/gcc/x86_64-suse-linux/12.2.0/:/opt/cray/pe/gcc/12.2.0/snos/lib/gcc/x86_64-suse-linux/12.2.0/../../../../lib64/:/lib/../lib64/:/usr/lib/../lib64/:/opt/cray/pe/gcc/12.2.0/snos/lib/gcc/x86_64-suse-linux/12.2.0/../../../:/lib/:/usr/lib/
COLLECT_GCC_OPTIONS='-v' '-rdynamic' '-o' 'cmTC_67524' '-shared-libgcc' '-mtune=generic' '-march=x86-64' '-dumpdir' 'cmTC_67524.'
 /opt/cray/pe/gcc/12.2.0/snos/libexec/gcc/x86_64-suse-linux/12.2.0/collect2 -plugin /opt/cray/pe/gcc/12.2.0/snos/libexec/gcc/x86_64-suse-linux/12.2.0/liblto_plugin.so -plugin-opt=/opt/cray/pe/gcc/12.2.0/snos/libexec/gcc/x86_64-suse-linux/12.2.0/lto-wrapper -plugin-opt=-fresolution=/tmp/ccOW9LQr.res -plugin-opt=-pass-through=-lgcc_s -plugin-opt=-pass-through=-lgcc -plugin-opt=-pass-through=-lc -plugin-opt=-pass-through=-lgcc_s -plugin-opt=-pass-through=-lgcc --eh-frame-hdr -m elf_x86_64 -export-dynamic -dynamic-linker /lib64/ld-linux-x86-64.so.2 -o cmTC_67524 /usr/lib/../lib64/crt1.o /usr/lib/../lib64/crti.o /opt/cray/pe/gcc/12.2.0/snos/lib/gcc/x86_64-suse-linux/12.2.0/crtbegin.o -L/opt/cray/pe/gcc/12.2.0/snos/lib/gcc/x86_64-suse-linux/12.2.0 -L/opt/cray/pe/gcc/12.2.0/snos/lib/gcc/x86_64-suse-linux/12.2.0/../../../../lib64 -L/lib/../lib64 -L/usr/lib/../lib64 -L/opt/cray/pe/gcc/12.2.0/snos/lib/gcc/x86_64-suse-linux/12.2.0/../../.. CMakeFiles/cmTC_67524.dir/CMakeCXXCompilerABI.cpp.o -lstdc++ -lm -lgcc_s -lgcc -lc -lgcc_s -lgcc /opt/cray/pe/gcc/12.2.0/snos/lib/gcc/x86_64-suse-linux/12.2.0/crtend.o /usr/lib/../lib64/crtn.o
COLLECT_GCC_OPTIONS='-v' '-rdynamic' '-o' 'cmTC_67524' '-shared-libgcc' '-mtune=generic' '-march=x86-64' '-dumpdir' 'cmTC_67524.'
gmake[1]: Leaving directory '/lustre/orion/stf008/proj-shared/hvac/sylee/dcp/mpifileutils-v0.11.1/build/CMakeFiles/CMakeTmp'



Parsed CXX implicit include dir info from above output: rv=done
  found start of include info
  found start of implicit include info
    add: [/opt/cray/pe/gcc/12.2.0/snos/include/g++]
    add: [/opt/cray/pe/gcc/12.2.0/snos/include/g++/x86_64-suse-linux]
    add: [/opt/cray/pe/gcc/12.2.0/snos/include/g++/backward]
    add: [/opt/cray/pe/gcc/12.2.0/snos/lib/gcc/x86_64-suse-linux/12.2.0/include]
    add: [/usr/local/include]
    add: [/opt/cray/pe/gcc/12.2.0/snos/include]
    add: [/opt/cray/pe/gcc/12.2.0/snos/lib/gcc/x86_64-suse-linux/12.2.0/include-fixed]
    add: [/usr/include]
  end of search list found
  collapse include dir [/opt/cray/pe/gcc/12.2.0/snos/include/g++] ==> [/opt/cray/pe/gcc/12.2.0/snos/include/g++]
  collapse include dir [/opt/cray/pe/gcc/12.2.0/snos/include/g++/x86_64-suse-linux] ==> [/opt/cray/pe/gcc/12.2.0/snos/include/g++/x86_64-suse-linux]
  collapse include dir [/opt/cray/pe/gcc/12.2.0/snos/include/g++/backward] ==> [/opt/cray/pe/gcc/12.2.0/snos/include/g++/backward]
  collapse include dir [/opt/cray/pe/gcc/12.2.0/snos/lib/gcc/x86_64-suse-linux/12.2.0/include] ==> [/opt/cray/pe/gcc/12.2.0/snos/lib/gcc/x86_64-suse-linux/12.2.0/include]
  collapse include dir [/usr/local/include] ==> [/usr/local/include]
  collapse include dir [/opt/cray/pe/gcc/12.2.0/snos/include] ==> [/opt/cray/pe/gcc/12.2.0/snos/include]
  collapse include dir [/opt/cray/pe/gcc/12.2.0/snos/lib/gcc/x86_64-suse-linux/12.2.0/include-fixed] ==> [/opt/cray/pe/gcc/12.2.0/snos/lib/gcc/x86_64-suse-linux/12.2.0/include-fixed]
  collapse include dir [/usr/include] ==> [/usr/include]
  implicit include dirs: [/opt/cray/pe/gcc/12.2.0/snos/include/g++;/opt/cray/pe/gcc/12.2.0/snos/include/g++/x86_64-suse-linux;/opt/cray/pe/gcc/12.2.0/snos/include/g++/backward;/opt/cray/pe/gcc/12.2.0/snos/lib/gcc/x86_64-suse-linux/12.2.0/include;/usr/local/include;/opt/cray/pe/gcc/12.2.0/snos/include;/opt/cray/pe/gcc/12.2.0/snos/lib/gcc/x86_64-suse-linux/12.2.0/include-fixed;/usr/include]


Parsed CXX implicit link information from above output:
  link line regex: [^( *|.*[/\])(ld|CMAKE_LINK_STARTFILE-NOTFOUND|([^/\]+-)?ld|collect2)[^/\]*( |$)]
  ignore line: [Change Dir: /lustre/orion/proj-shared/stf008/hvac/sylee/dcp/mpifileutils-v0.11.1/build/CMakeFiles/CMakeTmp]
  ignore line: []
  ignore line: [Run Build Command(s):/usr/bin/gmake -f Makefile cmTC_67524/fast && /usr/bin/gmake  -f CMakeFiles/cmTC_67524.dir/build.make CMakeFiles/cmTC_67524.dir/build]
  ignore line: [gmake[1]: Entering directory '/lustre/orion/stf008/proj-shared/hvac/sylee/dcp/mpifileutils-v0.11.1/build/CMakeFiles/CMakeTmp']
  ignore line: [Building CXX object CMakeFiles/cmTC_67524.dir/CMakeCXXCompilerABI.cpp.o]
  ignore line: [/opt/cray/pe/gcc/12.2.0/snos/bin/g++   -v -o CMakeFiles/cmTC_67524.dir/CMakeCXXCompilerABI.cpp.o -c /usr/share/cmake/Modules/CMakeCXXCompilerABI.cpp]
  ignore line: [Using built-in specs.]
  ignore line: [COLLECT_GCC=/opt/cray/pe/gcc/12.2.0/snos/bin/g++]
  ignore line: [Target: x86_64-suse-linux]
  ignore line: [Configured with: ../cpe-gcc-12.2.0-202304182231.7dfee50f41751/configure --prefix=/opt/cray/pe/gcc/12.2.0/snos --disable-nls --libdir=/opt/cray/pe/gcc/12.2.0/snos/lib --enable-languages=c c++ fortran --with-gxx-include-dir=/opt/cray/pe/gcc/12.2.0/snos/include/g++ --with-slibdir=/opt/cray/pe/gcc/12.2.0/snos/lib --with-system-zlib --enable-shared --enable-__cxa_atexit --build=x86_64-suse-linux --with-ppl --with-cloog --disable-multilib]
  ignore line: [Thread model: posix]
  ignore line: [Supported LTO compression algorithms: zlib]
  ignore line: [gcc version 12.2.0 20220819 (HPE) (GCC) ]
  ignore line: [COLLECT_GCC_OPTIONS='-v' '-o' 'CMakeFiles/cmTC_67524.dir/CMakeCXXCompilerABI.cpp.o' '-c' '-shared-libgcc' '-mtune=generic' '-march=x86-64' '-dumpdir' 'CMakeFiles/cmTC_67524.dir/']
  ignore line: [ /opt/cray/pe/gcc/12.2.0/snos/libexec/gcc/x86_64-suse-linux/12.2.0/cc1plus -quiet -v -D_GNU_SOURCE /usr/share/cmake/Modules/CMakeCXXCompilerABI.cpp -quiet -dumpdir CMakeFiles/cmTC_67524.dir/ -dumpbase CMakeCXXCompilerABI.cpp.cpp -dumpbase-ext .cpp -mtune=generic -march=x86-64 -version -o /tmp/ccmu91o2.s]
  ignore line: [GNU C++17 (GCC) version 12.2.0 20220819 (HPE) (x86_64-suse-linux)]
  ignore line: [	compiled by GNU C version 12.2.0 20220819 (HPE)  GMP version 6.0.0  MPFR version 3.1.3  MPC version 1.0.3  isl version isl-0.15-GMP]
  ignore line: []
  ignore line: [GGC heuristics: --param ggc-min-expand=100 --param ggc-min-heapsize=131072]
  ignore line: [ignoring nonexistent directory "/opt/cray/pe/gcc/12.2.0/snos/lib/gcc/x86_64-suse-linux/12.2.0/../../../../x86_64-suse-linux/include"]
  ignore line: [#include "..." search starts here:]
  ignore line: [#include <...> search starts here:]
  ignore line: [ /opt/cray/pe/gcc/12.2.0/snos/include/g++]
  ignore line: [ /opt/cray/pe/gcc/12.2.0/snos/include/g++/x86_64-suse-linux]
  ignore line: [ /opt/cray/pe/gcc/12.2.0/snos/include/g++/backward]
  ignore line: [ /opt/cray/pe/gcc/12.2.0/snos/lib/gcc/x86_64-suse-linux/12.2.0/include]
  ignore line: [ /usr/local/include]
  ignore line: [ /opt/cray/pe/gcc/12.2.0/snos/include]
  ignore line: [ /opt/cray/pe/gcc/12.2.0/snos/lib/gcc/x86_64-suse-linux/12.2.0/include-fixed]
  ignore line: [ /usr/include]
  ignore line: [End of search list.]
  ignore line: [GNU C++17 (GCC) version 12.2.0 20220819 (HPE) (x86_64-suse-linux)]
  ignore line: [	compiled by GNU C version 12.2.0 20220819 (HPE)  GMP version 6.0.0  MPFR version 3.1.3  MPC version 1.0.3  isl version isl-0.15-GMP]
  ignore line: []
  ignore line: [GGC heuristics: --param ggc-min-expand=100 --param ggc-min-heapsize=131072]
  ignore line: [Compiler executable checksum: 8ab7458f0c71d9bb97051ab15796c1ac]
  ignore line: [COLLECT_GCC_OPTIONS='-v' '-o' 'CMakeFiles/cmTC_67524.dir/CMakeCXXCompilerABI.cpp.o' '-c' '-shared-libgcc' '-mtune=generic' '-march=x86-64' '-dumpdir' 'CMakeFiles/cmTC_67524.dir/']
  ignore line: [ as -v --64 -o CMakeFiles/cmTC_67524.dir/CMakeCXXCompilerABI.cpp.o /tmp/ccmu91o2.s]
  ignore line: [GNU assembler version 2.40 (x86_64-pc-linux-gnu) using BFD version (GNU Binutils) 2.40]
  ignore line: [COMPILER_PATH=/opt/cray/pe/gcc/12.2.0/snos/libexec/gcc/x86_64-suse-linux/12.2.0/:/opt/cray/pe/gcc/12.2.0/snos/libexec/gcc/x86_64-suse-linux/12.2.0/:/opt/cray/pe/gcc/12.2.0/snos/libexec/gcc/x86_64-suse-linux/:/opt/cray/pe/gcc/12.2.0/snos/lib/gcc/x86_64-suse-linux/12.2.0/:/opt/cray/pe/gcc/12.2.0/snos/lib/gcc/x86_64-suse-linux/]
  ignore line: [LIBRARY_PATH=/opt/cray/pe/gcc/12.2.0/snos/lib/gcc/x86_64-suse-linux/12.2.0/:/opt/cray/pe/gcc/12.2.0/snos/lib/gcc/x86_64-suse-linux/12.2.0/../../../../lib64/:/lib/../lib64/:/usr/lib/../lib64/:/opt/cray/pe/gcc/12.2.0/snos/lib/gcc/x86_64-suse-linux/12.2.0/../../../:/lib/:/usr/lib/]
  ignore line: [COLLECT_GCC_OPTIONS='-v' '-o' 'CMakeFiles/cmTC_67524.dir/CMakeCXXCompilerABI.cpp.o' '-c' '-shared-libgcc' '-mtune=generic' '-march=x86-64' '-dumpdir' 'CMakeFiles/cmTC_67524.dir/CMakeCXXCompilerABI.cpp.']
  ignore line: [Linking CXX executable cmTC_67524]
  ignore line: [/usr/bin/cmake -E cmake_link_script CMakeFiles/cmTC_67524.dir/link.txt --verbose=1]
  ignore line: [/opt/cray/pe/gcc/12.2.0/snos/bin/g++  -v -rdynamic CMakeFiles/cmTC_67524.dir/CMakeCXXCompilerABI.cpp.o -o cmTC_67524 ]
  ignore line: [Using built-in specs.]
  ignore line: [COLLECT_GCC=/opt/cray/pe/gcc/12.2.0/snos/bin/g++]
  ignore line: [COLLECT_LTO_WRAPPER=/opt/cray/pe/gcc/12.2.0/snos/libexec/gcc/x86_64-suse-linux/12.2.0/lto-wrapper]
  ignore line: [Target: x86_64-suse-linux]
  ignore line: [Configured with: ../cpe-gcc-12.2.0-202304182231.7dfee50f41751/configure --prefix=/opt/cray/pe/gcc/12.2.0/snos --disable-nls --libdir=/opt/cray/pe/gcc/12.2.0/snos/lib --enable-languages=c c++ fortran --with-gxx-include-dir=/opt/cray/pe/gcc/12.2.0/snos/include/g++ --with-slibdir=/opt/cray/pe/gcc/12.2.0/snos/lib --with-system-zlib --enable-shared --enable-__cxa_atexit --build=x86_64-suse-linux --with-ppl --with-cloog --disable-multilib]
  ignore line: [Thread model: posix]
  ignore line: [Supported LTO compression algorithms: zlib]
  ignore line: [gcc version 12.2.0 20220819 (HPE) (GCC) ]
  ignore line: [COMPILER_PATH=/opt/cray/pe/gcc/12.2.0/snos/libexec/gcc/x86_64-suse-linux/12.2.0/:/opt/cray/pe/gcc/12.2.0/snos/libexec/gcc/x86_64-suse-linux/12.2.0/:/opt/cray/pe/gcc/12.2.0/snos/libexec/gcc/x86_64-suse-linux/:/opt/cray/pe/gcc/12.2.0/snos/lib/gcc/x86_64-suse-linux/12.2.0/:/opt/cray/pe/gcc/12.2.0/snos/lib/gcc/x86_64-suse-linux/]
  ignore line: [LIBRARY_PATH=/opt/cray/pe/gcc/12.2.0/snos/lib/gcc/x86_64-suse-linux/12.2.0/:/opt/cray/pe/gcc/12.2.0/snos/lib/gcc/x86_64-suse-linux/12.2.0/../../../../lib64/:/lib/../lib64/:/usr/lib/../lib64/:/opt/cray/pe/gcc/12.2.0/snos/lib/gcc/x86_64-suse-linux/12.2.0/../../../:/lib/:/usr/lib/]
  ignore line: [COLLECT_GCC_OPTIONS='-v' '-rdynamic' '-o' 'cmTC_67524' '-shared-libgcc' '-mtune=generic' '-march=x86-64' '-dumpdir' 'cmTC_67524.']
  link line: [ /opt/cray/pe/gcc/12.2.0/snos/libexec/gcc/x86_64-suse-linux/12.2.0/collect2 -plugin /opt/cray/pe/gcc/12.2.0/snos/libexec/gcc/x86_64-suse-linux/12.2.0/liblto_plugin.so -plugin-opt=/opt/cray/pe/gcc/12.2.0/snos/libexec/gcc/x86_64-suse-linux/12.2.0/lto-wrapper -plugin-opt=-fresolution=/tmp/ccOW9LQr.res -plugin-opt=-pass-through=-lgcc_s -plugin-opt=-pass-through=-lgcc -plugin-opt=-pass-through=-lc -plugin-opt=-pass-through=-lgcc_s -plugin-opt=-pass-through=-lgcc --eh-frame-hdr -m elf_x86_64 -export-dynamic -dynamic-linker /lib64/ld-linux-x86-64.so.2 -o cmTC_67524 /usr/lib/../lib64/crt1.o /usr/lib/../lib64/crti.o /opt/cray/pe/gcc/12.2.0/snos/lib/gcc/x86_64-suse-linux/12.2.0/crtbegin.o -L/opt/cray/pe/gcc/12.2.0/snos/lib/gcc/x86_64-suse-linux/12.2.0 -L/opt/cray/pe/gcc/12.2.0/snos/lib/gcc/x86_64-suse-linux/12.2.0/../../../../lib64 -L/lib/../lib64 -L/usr/lib/../lib64 -L/opt/cray/pe/gcc/12.2.0/snos/lib/gcc/x86_64-suse-linux/12.2.0/../../.. CMakeFiles/cmTC_67524.dir/CMakeCXXCompilerABI.cpp.o -lstdc++ -lm -lgcc_s -lgcc -lc -lgcc_s -lgcc /opt/cray/pe/gcc/12.2.0/snos/lib/gcc/x86_64-suse-linux/12.2.0/crtend.o /usr/lib/../lib64/crtn.o]
    arg [/opt/cray/pe/gcc/12.2.0/snos/libexec/gcc/x86_64-suse-linux/12.2.0/collect2] ==> ignore
    arg [-plugin] ==> ignore
    arg [/opt/cray/pe/gcc/12.2.0/snos/libexec/gcc/x86_64-suse-linux/12.2.0/liblto_plugin.so] ==> ignore
    arg [-plugin-opt=/opt/cray/pe/gcc/12.2.0/snos/libexec/gcc/x86_64-suse-linux/12.2.0/lto-wrapper] ==> ignore
    arg [-plugin-opt=-fresolution=/tmp/ccOW9LQr.res] ==> ignore
    arg [-plugin-opt=-pass-through=-lgcc_s] ==> ignore
    arg [-plugin-opt=-pass-through=-lgcc] ==> ignore
    arg [-plugin-opt=-pass-through=-lc] ==> ignore
    arg [-plugin-opt=-pass-through=-lgcc_s] ==> ignore
    arg [-plugin-opt=-pass-through=-lgcc] ==> ignore
    arg [--eh-frame-hdr] ==> ignore
    arg [-m] ==> ignore
    arg [elf_x86_64] ==> ignore
    arg [-export-dynamic] ==> ignore
    arg [-dynamic-linker] ==> ignore
    arg [/lib64/ld-linux-x86-64.so.2] ==> ignore
    arg [-o] ==> ignore
    arg [cmTC_67524] ==> ignore
    arg [/usr/lib/../lib64/crt1.o] ==> obj [/usr/lib/../lib64/crt1.o]
    arg [/usr/lib/../lib64/crti.o] ==> obj [/usr/lib/../lib64/crti.o]
    arg [/opt/cray/pe/gcc/12.2.0/snos/lib/gcc/x86_64-suse-linux/12.2.0/crtbegin.o] ==> obj [/opt/cray/pe/gcc/12.2.0/snos/lib/gcc/x86_64-suse-linux/12.2.0/crtbegin.o]
    arg [-L/opt/cray/pe/gcc/12.2.0/snos/lib/gcc/x86_64-suse-linux/12.2.0] ==> dir [/opt/cray/pe/gcc/12.2.0/snos/lib/gcc/x86_64-suse-linux/12.2.0]
    arg [-L/opt/cray/pe/gcc/12.2.0/snos/lib/gcc/x86_64-suse-linux/12.2.0/../../../../lib64] ==> dir [/opt/cray/pe/gcc/12.2.0/snos/lib/gcc/x86_64-suse-linux/12.2.0/../../../../lib64]
    arg [-L/lib/../lib64] ==> dir [/lib/../lib64]
    arg [-L/usr/lib/../lib64] ==> dir [/usr/lib/../lib64]
    arg [-L/opt/cray/pe/gcc/12.2.0/snos/lib/gcc/x86_64-suse-linux/12.2.0/../../..] ==> dir [/opt/cray/pe/gcc/12.2.0/snos/lib/gcc/x86_64-suse-linux/12.2.0/../../..]
    arg [CMakeFiles/cmTC_67524.dir/CMakeCXXCompilerABI.cpp.o] ==> ignore
    arg [-lstdc++] ==> lib [stdc++]
    arg [-lm] ==> lib [m]
    arg [-lgcc_s] ==> lib [gcc_s]
    arg [-lgcc] ==> lib [gcc]
    arg [-lc] ==> lib [c]
    arg [-lgcc_s] ==> lib [gcc_s]
    arg [-lgcc] ==> lib [gcc]
    arg [/opt/cray/pe/gcc/12.2.0/snos/lib/gcc/x86_64-suse-linux/12.2.0/crtend.o] ==> obj [/opt/cray/pe/gcc/12.2.0/snos/lib/gcc/x86_64-suse-linux/12.2.0/crtend.o]
    arg [/usr/lib/../lib64/crtn.o] ==> obj [/usr/lib/../lib64/crtn.o]
  collapse obj [/usr/lib/../lib64/crt1.o] ==> [/usr/lib64/crt1.o]
  collapse obj [/usr/lib/../lib64/crti.o] ==> [/usr/lib64/crti.o]
  collapse obj [/usr/lib/../lib64/crtn.o] ==> [/usr/lib64/crtn.o]
  collapse library dir [/opt/cray/pe/gcc/12.2.0/snos/lib/gcc/x86_64-suse-linux/12.2.0] ==> [/opt/cray/pe/gcc/12.2.0/snos/lib/gcc/x86_64-suse-linux/12.2.0]
  collapse library dir [/opt/cray/pe/gcc/12.2.0/snos/lib/gcc/x86_64-suse-linux/12.2.0/../../../../lib64] ==> [/opt/cray/pe/gcc/12.2.0/snos/lib64]
  collapse library dir [/lib/../lib64] ==> [/lib64]
  collapse library dir [/usr/lib/../lib64] ==> [/usr/lib64]
  collapse library dir [/opt/cray/pe/gcc/12.2.0/snos/lib/gcc/x86_64-suse-linux/12.2.0/../../..] ==> [/opt/cray/pe/gcc/12.2.0/snos/lib]
  implicit libs: [stdc++;m;gcc_s;gcc;c;gcc_s;gcc]
  implicit objs: [/usr/lib64/crt1.o;/usr/lib64/crti.o;/opt/cray/pe/gcc/12.2.0/snos/lib/gcc/x86_64-suse-linux/12.2.0/crtbegin.o;/opt/cray/pe/gcc/12.2.0/snos/lib/gcc/x86_64-suse-linux/12.2.0/crtend.o;/usr/lib64/crtn.o]
  implicit dirs: [/opt/cray/pe/gcc/12.2.0/snos/lib/gcc/x86_64-suse-linux/12.2.0;/opt/cray/pe/gcc/12.2.0/snos/lib64;/lib64;/usr/lib64;/opt/cray/pe/gcc/12.2.0/snos/lib]
  implicit fwks: []


Determining if the function llapi_layout_alloc exists in the lustreapi passed with the following output:
Change Dir: /lustre/orion/proj-shared/stf008/hvac/sylee/dcp/mpifileutils-v0.11.1/build/CMakeFiles/CMakeTmp

Run Build Command(s):/usr/bin/gmake -f Makefile cmTC_31285/fast && /usr/bin/gmake  -f CMakeFiles/cmTC_31285.dir/build.make CMakeFiles/cmTC_31285.dir/build
gmake[1]: Entering directory '/lustre/orion/stf008/proj-shared/hvac/sylee/dcp/mpifileutils-v0.11.1/build/CMakeFiles/CMakeTmp'
Building C object CMakeFiles/cmTC_31285.dir/CheckFunctionExists.c.o
/opt/cray/pe/gcc/12.2.0/snos/bin/gcc   -DCHECK_FUNCTION_EXISTS=llapi_layout_alloc -fPIE -o CMakeFiles/cmTC_31285.dir/CheckFunctionExists.c.o -c /usr/share/cmake/Modules/CheckFunctionExists.c
Linking C executable cmTC_31285
/usr/bin/cmake -E cmake_link_script CMakeFiles/cmTC_31285.dir/link.txt --verbose=1
/opt/cray/pe/gcc/12.2.0/snos/bin/gcc  -DCHECK_FUNCTION_EXISTS=llapi_layout_alloc -rdynamic CMakeFiles/cmTC_31285.dir/CheckFunctionExists.c.o -o cmTC_31285   -L/usr/lib64/liblustreapi.so  -Wl,-rpath,/usr/lib64/liblustreapi.so -llustreapi 
gmake[1]: Leaving directory '/lustre/orion/stf008/proj-shared/hvac/sylee/dcp/mpifileutils-v0.11.1/build/CMakeFiles/CMakeTmp'



Determining if the function llapi_file_create exists in the lustreapi passed with the following output:
Change Dir: /lustre/orion/proj-shared/stf008/hvac/sylee/dcp/mpifileutils-v0.11.1/build/CMakeFiles/CMakeTmp

Run Build Command(s):/usr/bin/gmake -f Makefile cmTC_9c45c/fast && /usr/bin/gmake  -f CMakeFiles/cmTC_9c45c.dir/build.make CMakeFiles/cmTC_9c45c.dir/build
gmake[1]: Entering directory '/lustre/orion/stf008/proj-shared/hvac/sylee/dcp/mpifileutils-v0.11.1/build/CMakeFiles/CMakeTmp'
Building C object CMakeFiles/cmTC_9c45c.dir/CheckFunctionExists.c.o
/opt/cray/pe/gcc/12.2.0/snos/bin/gcc   -DCHECK_FUNCTION_EXISTS=llapi_file_create -fPIE -o CMakeFiles/cmTC_9c45c.dir/CheckFunctionExists.c.o -c /usr/share/cmake/Modules/CheckFunctionExists.c
Linking C executable cmTC_9c45c
/usr/bin/cmake -E cmake_link_script CMakeFiles/cmTC_9c45c.dir/link.txt --verbose=1
/opt/cray/pe/gcc/12.2.0/snos/bin/gcc  -DCHECK_FUNCTION_EXISTS=llapi_file_create -rdynamic CMakeFiles/cmTC_9c45c.dir/CheckFunctionExists.c.o -o cmTC_9c45c   -L/usr/lib64/liblustreapi.so  -Wl,-rpath,/usr/lib64/liblustreapi.so -llustreapi 
gmake[1]: Leaving directory '/lustre/orion/stf008/proj-shared/hvac/sylee/dcp/mpifileutils-v0.11.1/build/CMakeFiles/CMakeTmp'



Determining if the function llapi_file_get_stripe exists in the lustreapi passed with the following output:
Change Dir: /lustre/orion/proj-shared/stf008/hvac/sylee/dcp/mpifileutils-v0.11.1/build/CMakeFiles/CMakeTmp

Run Build Command(s):/usr/bin/gmake -f Makefile cmTC_270bf/fast && /usr/bin/gmake  -f CMakeFiles/cmTC_270bf.dir/build.make CMakeFiles/cmTC_270bf.dir/build
gmake[1]: Entering directory '/lustre/orion/stf008/proj-shared/hvac/sylee/dcp/mpifileutils-v0.11.1/build/CMakeFiles/CMakeTmp'
Building C object CMakeFiles/cmTC_270bf.dir/CheckFunctionExists.c.o
/opt/cray/pe/gcc/12.2.0/snos/bin/gcc   -DCHECK_FUNCTION_EXISTS=llapi_file_get_stripe -fPIE -o CMakeFiles/cmTC_270bf.dir/CheckFunctionExists.c.o -c /usr/share/cmake/Modules/CheckFunctionExists.c
Linking C executable cmTC_270bf
/usr/bin/cmake -E cmake_link_script CMakeFiles/cmTC_270bf.dir/link.txt --verbose=1
/opt/cray/pe/gcc/12.2.0/snos/bin/gcc  -DCHECK_FUNCTION_EXISTS=llapi_file_get_stripe -rdynamic CMakeFiles/cmTC_270bf.dir/CheckFunctionExists.c.o -o cmTC_270bf   -L/usr/lib64/liblustreapi.so  -Wl,-rpath,/usr/lib64/liblustreapi.so -llustreapi 
gmake[1]: Leaving directory '/lustre/orion/stf008/proj-shared/hvac/sylee/dcp/mpifileutils-v0.11.1/build/CMakeFiles/CMakeTmp'



Determining if the include file byteswap.h exists passed with the following output:
Change Dir: /lustre/orion/proj-shared/stf008/hvac/sylee/dcp/mpifileutils-v0.11.1/build/CMakeFiles/CMakeTmp

Run Build Command(s):/usr/bin/gmake -f Makefile cmTC_b4374/fast && /usr/bin/gmake  -f CMakeFiles/cmTC_b4374.dir/build.make CMakeFiles/cmTC_b4374.dir/build
gmake[1]: Entering directory '/lustre/orion/stf008/proj-shared/hvac/sylee/dcp/mpifileutils-v0.11.1/build/CMakeFiles/CMakeTmp'
Building C object CMakeFiles/cmTC_b4374.dir/CheckIncludeFile.c.o
/opt/cray/pe/gcc/12.2.0/snos/bin/gcc   -fPIE -o CMakeFiles/cmTC_b4374.dir/CheckIncludeFile.c.o -c /lustre/orion/proj-shared/stf008/hvac/sylee/dcp/mpifileutils-v0.11.1/build/CMakeFiles/CMakeTmp/CheckIncludeFile.c
Linking C executable cmTC_b4374
/usr/bin/cmake -E cmake_link_script CMakeFiles/cmTC_b4374.dir/link.txt --verbose=1
/opt/cray/pe/gcc/12.2.0/snos/bin/gcc -rdynamic CMakeFiles/cmTC_b4374.dir/CheckIncludeFile.c.o -o cmTC_b4374 
gmake[1]: Leaving directory '/lustre/orion/stf008/proj-shared/hvac/sylee/dcp/mpifileutils-v0.11.1/build/CMakeFiles/CMakeTmp'



Determining if the BZ2_bzCompressInit exist passed with the following output:
Change Dir: /lustre/orion/proj-shared/stf008/hvac/sylee/dcp/mpifileutils-v0.11.1/build/CMakeFiles/CMakeTmp

Run Build Command(s):/usr/bin/gmake -f Makefile cmTC_3d3f1/fast && /usr/bin/gmake  -f CMakeFiles/cmTC_3d3f1.dir/build.make CMakeFiles/cmTC_3d3f1.dir/build
gmake[1]: Entering directory '/lustre/orion/stf008/proj-shared/hvac/sylee/dcp/mpifileutils-v0.11.1/build/CMakeFiles/CMakeTmp'
Building C object CMakeFiles/cmTC_3d3f1.dir/CheckSymbolExists.c.o
/opt/cray/pe/gcc/12.2.0/snos/bin/gcc   -fPIE -o CMakeFiles/cmTC_3d3f1.dir/CheckSymbolExists.c.o -c /lustre/orion/proj-shared/stf008/hvac/sylee/dcp/mpifileutils-v0.11.1/build/CMakeFiles/CMakeTmp/CheckSymbolExists.c
Linking C executable cmTC_3d3f1
/usr/bin/cmake -E cmake_link_script CMakeFiles/cmTC_3d3f1.dir/link.txt --verbose=1
/opt/cray/pe/gcc/12.2.0/snos/bin/gcc -rdynamic CMakeFiles/cmTC_3d3f1.dir/CheckSymbolExists.c.o -o cmTC_3d3f1  /usr/lib64/libbz2.so 
gmake[1]: Leaving directory '/lustre/orion/stf008/proj-shared/hvac/sylee/dcp/mpifileutils-v0.11.1/build/CMakeFiles/CMakeTmp'


File /lustre/orion/proj-shared/stf008/hvac/sylee/dcp/mpifileutils-v0.11.1/build/CMakeFiles/CMakeTmp/CheckSymbolExists.c:
/* */
#include <bzlib.h>

int main(int argc, char** argv)
{
  (void)argv;
#ifndef BZ2_bzCompressInit
  return ((int*)(&BZ2_bzCompressInit))[argc];
#else
  (void)argc;
  return 0;
#endif
}
